<?xml version="1.0" encoding="UTF-8"?>
<!-- Generated by org.testng.reporters.JUnitReportReporter -->
<testsuite hostname="DESKTOP-H258E1F" failures="0" tests="1" name="testng.Test0" time="0.017" errors="0" timestamp="2021-07-23T16:38:01 IST" skipped="0">
  <testcase classname="testng.Test0" name="demo" time="0.017"/>
  <system-out>
    <![CDATA[Hello
Good Evening]]>
  </system-out>
</testsuite> <!-- testng.Test0 -->
